[debug] [2024-08-01T04:35:51.623Z] ----------------------------------------------------------------------
[debug] [2024-08-01T04:35:51.625Z] Command:       C:\Program Files\nodejs\node.exe C:\Users\adamw\AppData\Roaming\npm\node_modules\firebase-tools\lib\bin\firebase.js init
[debug] [2024-08-01T04:35:51.625Z] CLI Version:   13.14.2
[debug] [2024-08-01T04:35:51.626Z] Platform:      win32
[debug] [2024-08-01T04:35:51.626Z] Node Version:  v20.16.0
[debug] [2024-08-01T04:35:51.626Z] Time:          Wed Jul 31 2024 21:35:51 GMT-0700 (Pacific Daylight Saving Time)
[debug] [2024-08-01T04:35:51.626Z] ----------------------------------------------------------------------
[debug] 
[debug] [2024-08-01T04:35:51.631Z] > command requires scopes: ["email","openid","https://www.googleapis.com/auth/cloudplatformprojects.readonly","https://www.googleapis.com/auth/firebase","https://www.googleapis.com/auth/cloud-platform"]
[debug] [2024-08-01T04:35:51.631Z] > authorizing via signed-in user (adam.werstiuk@gmail.com)
[info] 
     ######## #### ########  ######## ########     ###     ######  ########
     ##        ##  ##     ## ##       ##     ##  ##   ##  ##       ##
     ######    ##  ########  ######   ########  #########  ######  ######
     ##        ##  ##    ##  ##       ##     ## ##     ##       ## ##
     ##       #### ##     ## ######## ########  ##     ##  ######  ########

You're about to initialize a Firebase project in this directory:

  C:\Users\adamw\OneDrive\Desktop\HTML\ufa-attempt-two

[info] 
=== Project Setup
[info] 
[info] First, let's associate this project directory with a Firebase project.
[info] You can create multiple project aliases by running firebase use --add, 
[info] but for now we'll just set up a default project.
[info] 
[debug] [2024-08-01T04:37:41.049Z] >>> [apiv2][query] GET https://firebase.googleapis.com/v1beta1/projects pageSize=100
[debug] [2024-08-01T04:37:41.449Z] <<< [apiv2][status] GET https://firebase.googleapis.com/v1beta1/projects 200
[debug] [2024-08-01T04:37:41.449Z] <<< [apiv2][body] GET https://firebase.googleapis.com/v1beta1/projects [omitted]
[info] i  Using project ufa-betting (UFA Betting) 
[info] 
=== Hosting Setup
[debug] [2024-08-01T04:38:16.866Z] >>> [apiv2][query] GET https://firebase.googleapis.com/v1beta1/projects/ufa-betting [none]
[debug] [2024-08-01T04:38:17.103Z] <<< [apiv2][status] GET https://firebase.googleapis.com/v1beta1/projects/ufa-betting 200
[debug] [2024-08-01T04:38:17.103Z] <<< [apiv2][body] GET https://firebase.googleapis.com/v1beta1/projects/ufa-betting {"projectId":"ufa-betting","projectNumber":"14550870077","displayName":"UFA Betting","name":"projects/ufa-betting","resources":{"hostingSite":"ufa-betting"},"state":"ACTIVE","etag":"1_0b0ddaf3-3d48-4c00-96ad-a11dd5057529"}
[info] 
[info] Your public directory is the folder (relative to your project directory) that
[info] will contain Hosting assets to be uploaded with firebase deploy. If you
[info] have a build process for your assets, use your build's output directory.
[info] 
[info] +  Wrote public/404.html 
[debug] [2024-08-01T04:39:07.961Z] >>> [apiv2][query] GET https://www.gstatic.com/firebasejs/releases.json [none]
[debug] [2024-08-01T04:39:08.129Z] <<< [apiv2][status] GET https://www.gstatic.com/firebasejs/releases.json 200
[debug] [2024-08-01T04:39:08.130Z] <<< [apiv2][body] GET https://www.gstatic.com/firebasejs/releases.json {"current":{"version":"10.12.4","browserURL":"https://www.gstatic.com/firebasejs/10.12.4/firebase.js","packageURL":"https://www.gstatic.com/firebasejs/10.12.4/firebase.tgz"},"live":{"version":"10.12","browserURL":"https://www.gstatic.com/firebasejs/live/10.12/firebase.js","packageURL":"https://www.gstatic.com/firebasejs/live/10.12/firebase.tgz"},"components":{"analytics":"https://www.gstatic.com/firebasejs/10.12.4/firebase-analytics.js","app":"https://www.gstatic.com/firebasejs/10.12.4/firebase-app.js","app-check":"https://www.gstatic.com/firebasejs/10.12.4/firebase-app-check.js","auth":"https://www.gstatic.com/firebasejs/10.12.4/firebase-auth.js","auth/cordova":"https://www.gstatic.com/firebasejs/10.12.4/firebase-auth/cordova.js","auth/web-extension":"https://www.gstatic.com/firebasejs/10.12.4/firebase-auth/web-extension.js","functions":"https://www.gstatic.com/firebasejs/10.12.4/firebase-functions.js","firestore":"https://www.gstatic.com/firebasejs/10.12.4/firebase-firestore.js","firestore/lite":"https://www.gstatic.com/firebasejs/10.12.4/firebase-firestore/lite.js","installations":"https://www.gstatic.com/firebasejs/10.12.4/firebase-installations.js","storage":"https://www.gstatic.com/firebasejs/10.12.4/firebase-storage.js","performance":"https://www.gstatic.com/firebasejs/10.12.4/firebase-performance.js","remote-config":"https://www.gstatic.com/firebasejs/10.12.4/firebase-remote-config.js","messaging":"https://www.gstatic.com/firebasejs/10.12.4/firebase-messaging.js","messaging/sw":"https://www.gstatic.com/firebasejs/10.12.4/firebase-messaging/sw.js","database":"https://www.gstatic.com/firebasejs/10.12.4/firebase-database.js","vertexai-preview":"https://www.gstatic.com/firebasejs/10.12.4/firebase-vertexai-preview.js","firestore.memory":"https://www.gstatic.com/firebasejs/10.12.4/firebase-firestore.memory.js"}}
[info] i  Skipping write of public/index.html 
[info] 
[info] i  Didn't detect a .git folder. Assuming C:\Users\adamw\OneDrive\Desktop\HTML\ufa-attempt-two is the project root. 
[info] i  Authorizing with GitHub to upload your service account to a GitHub repository's secrets store. 
[info] 
[info] Visit this URL on this device to log in:
[info] https://github.com/login/oauth/authorize?client_id=89cf50f02ac6aaed3484&state=446316933&redirect_uri=http%3A%2F%2Flocalhost%3A9005&scope=read%3Auser%20repo%20public_repo
[info] 
[info] Waiting for authentication...
[debug] [2024-08-01T04:43:43.828Z] >>> [apiv2][query] POST https://github.com/login/oauth/access_token [none]
[debug] [2024-08-01T04:43:43.828Z] >>> [apiv2][body] POST https://github.com/login/oauth/access_token [stream]
[debug] [2024-08-01T04:43:44.261Z] <<< [apiv2][status] POST https://github.com/login/oauth/access_token 200
[debug] [2024-08-01T04:43:44.261Z] <<< [apiv2][body] POST https://github.com/login/oauth/access_token {"access_token":"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","token_type":"bearer","scope":"read:user,repo"}
[debug] [2024-08-01T04:43:44.265Z] >>> [apiv2][query] GET https://api.github.com/user [none]
[debug] [2024-08-01T04:43:44.709Z] <<< [apiv2][status] GET https://api.github.com/user 200
[debug] [2024-08-01T04:43:44.710Z] <<< [apiv2][body] GET https://api.github.com/user {"login":"AdamWerstiuk","id":177187392,"node_id":"U_kgDOCo-qQA","avatar_url":"https://avatars.githubusercontent.com/u/177187392?v=4","gravatar_id":"","url":"https://api.github.com/users/AdamWerstiuk","html_url":"https://github.com/AdamWerstiuk","followers_url":"https://api.github.com/users/AdamWerstiuk/followers","following_url":"https://api.github.com/users/AdamWerstiuk/following{/other_user}","gists_url":"https://api.github.com/users/AdamWerstiuk/gists{/gist_id}","starred_url":"https://api.github.com/users/AdamWerstiuk/starred{/owner}{/repo}","subscriptions_url":"https://api.github.com/users/AdamWerstiuk/subscriptions","organizations_url":"https://api.github.com/users/AdamWerstiuk/orgs","repos_url":"https://api.github.com/users/AdamWerstiuk/repos","events_url":"https://api.github.com/users/AdamWerstiuk/events{/privacy}","received_events_url":"https://api.github.com/users/AdamWerstiuk/received_events","type":"User","site_admin":false,"name":null,"company":null,"blog":"","location":null,"email":null,"hireable":null,"bio":null,"twitter_username":null,"public_repos":0,"public_gists":0,"followers":0,"following":0,"created_at":"2024-08-01T04:43:37Z","updated_at":"2024-08-01T04:43:39Z","private_gists":0,"total_private_repos":0,"owned_private_repos":0,"disk_usage":0,"collaborators":0,"two_factor_authentication":false,"plan":{"name":"free","space":976562499,"collaborators":0,"private_repos":10000}}
[info] 
[info] +  Success! Logged into GitHub as AdamWerstiuk 
[info] 
